Temp/gradleOut/unityLibrary/build/intermediates/manifest_merge_blame_file/release/manifest-merger-blame-release-report.txt
1<?xml version="1.0" encoding="utf-8"?>
2<!-- GENERATED BY UNITY. REMOVE THIS COMMENT TO PREVENT OVERWRITING WHEN EXPORTING AGAIN -->
3<manifest xmlns:android="http://schemas.android.com/apk/res/android"
4    xmlns:tools="http://schemas.android.com/tools"
5    package="com.unity3d.player"
6    android:installLocation="auto"
7    android:versionCode="1"
8    android:versionName="1.0" >
9
10    <uses-sdk
11        android:minSdkVersion="23"
11-->src/main/AndroidManifest.xml
12        android:targetSdkVersion="29" />
12-->src/main/AndroidManifest.xml
13
14    <uses-feature android:glEsVersion="0x00030000" />
14-->src/main/AndroidManifest.xml:24:3-52
14-->src/main/AndroidManifest.xml:24:17-49
15
16    <supports-gl-texture android:name="GL_KHR_texture_compression_astc_ldr" />
16-->src/main/AndroidManifest.xml:25:3-77
16-->src/main/AndroidManifest.xml:25:24-74
17
18    <uses-permission android:name="android.permission.INTERNET" />
18-->src/main/AndroidManifest.xml:26:3-65
18-->src/main/AndroidManifest.xml:26:20-62
19    <uses-permission android:name="android.permission.RECORD_AUDIO" />
19-->src/main/AndroidManifest.xml:27:3-69
19-->src/main/AndroidManifest.xml:27:20-66
20    <uses-permission android:name="android.permission.MODIFY_AUDIO_SETTINGS" />
20-->src/main/AndroidManifest.xml:28:3-78
20-->src/main/AndroidManifest.xml:28:20-75
21
22    <uses-feature
22-->src/main/AndroidManifest.xml:29:3-87
23        android:name="android.hardware.microphone"
23-->src/main/AndroidManifest.xml:29:17-59
24        android:required="false" />
24-->src/main/AndroidManifest.xml:29:60-84
25    <uses-feature
25-->src/main/AndroidManifest.xml:30:3-88
26        android:name="android.hardware.touchscreen"
26-->src/main/AndroidManifest.xml:30:17-60
27        android:required="false" />
27-->src/main/AndroidManifest.xml:30:61-85
28    <uses-feature
28-->src/main/AndroidManifest.xml:31:3-99
29        android:name="android.hardware.touchscreen.multitouch"
29-->src/main/AndroidManifest.xml:31:17-71
30        android:required="false" />
30-->src/main/AndroidManifest.xml:31:72-96
31    <uses-feature
31-->src/main/AndroidManifest.xml:32:3-108
32        android:name="android.hardware.touchscreen.multitouch.distinct"
32-->src/main/AndroidManifest.xml:32:17-80
33        android:required="false" />
33-->src/main/AndroidManifest.xml:32:81-105
34    <uses-feature
34-->src/main/AndroidManifest.xml:33:3-111
35        android:name="android.hardware.vr.headtracking"
35-->src/main/AndroidManifest.xml:33:17-64
36        android:required="true"
36-->src/main/AndroidManifest.xml:33:65-88
37        android:version="1" />
37-->src/main/AndroidManifest.xml:33:89-108
38    <uses-feature
38-->src/main/AndroidManifest.xml:34:3-88
39        android:name="oculus.software.handtracking"
39-->src/main/AndroidManifest.xml:34:17-60
40        android:required="false" />
40-->src/main/AndroidManifest.xml:34:61-85
41
42    <uses-permission android:name="com.oculus.permission.HAND_TRACKING" />
42-->src/main/AndroidManifest.xml:35:3-73
42-->src/main/AndroidManifest.xml:35:20-70
43
44    <application
44-->src/main/AndroidManifest.xml:4:3-23:17
45        android:allowBackup="false"
45-->src/main/AndroidManifest.xml:4:81-108
46        android:icon="@mipmap/app_icon"
46-->src/main/AndroidManifest.xml:4:49-80
47        android:label="@string/app_name"
47-->src/main/AndroidManifest.xml:4:16-48
48        android:networkSecurityConfig="@xml/network_sec_config" >
48-->src/main/AndroidManifest.xml:4:109-164
49        <activity
49-->src/main/AndroidManifest.xml:5:5-14:16
50            android:name="com.unity3d.player.UnityPlayerActivity"
50-->src/main/AndroidManifest.xml:5:15-68
51            android:configChanges="keyboard|keyboardHidden|navigation|orientation|screenLayout|screenSize|uiMode"
51-->src/main/AndroidManifest.xml:5:204-305
52            android:hardwareAccelerated="false"
52-->src/main/AndroidManifest.xml:5:306-341
53            android:launchMode="singleTask"
53-->src/main/AndroidManifest.xml:5:172-203
54            android:screenOrientation="landscape"
54-->src/main/AndroidManifest.xml:5:134-171
55            android:theme="@android:style/Theme.Black.NoTitleBar.Fullscreen" >
55-->src/main/AndroidManifest.xml:5:69-133
56            <intent-filter>
56-->src/main/AndroidManifest.xml:6:7-10:23
57                <action android:name="android.intent.action.MAIN" />
57-->src/main/AndroidManifest.xml:7:9-61
57-->src/main/AndroidManifest.xml:7:17-58
58
59                <category android:name="android.intent.category.LAUNCHER" />
59-->src/main/AndroidManifest.xml:8:9-69
59-->src/main/AndroidManifest.xml:8:19-66
60                <category android:name="com.oculus.intent.category.VR" />
60-->src/main/AndroidManifest.xml:9:9-66
60-->src/main/AndroidManifest.xml:9:19-63
61            </intent-filter>
62
63            <meta-data
63-->src/main/AndroidManifest.xml:11:7-82
64                android:name="unityplayer.UnityActivity"
64-->src/main/AndroidManifest.xml:11:18-58
65                android:value="true" />
65-->src/main/AndroidManifest.xml:11:59-79
66            <meta-data
66-->src/main/AndroidManifest.xml:12:7-78
67                android:name="android.notch_support"
67-->src/main/AndroidManifest.xml:12:18-54
68                android:value="true" />
68-->src/main/AndroidManifest.xml:12:55-75
69            <meta-data
69-->src/main/AndroidManifest.xml:13:7-81
70                android:name="com.oculus.vr.focusaware"
70-->src/main/AndroidManifest.xml:13:18-57
71                android:value="true" />
71-->src/main/AndroidManifest.xml:13:58-78
72        </activity>
73
74        <meta-data
74-->src/main/AndroidManifest.xml:15:5-69
75            android:name="unity.splash-mode"
75-->src/main/AndroidManifest.xml:15:16-48
76            android:value="0" />
76-->src/main/AndroidManifest.xml:15:49-66
77        <meta-data
77-->src/main/AndroidManifest.xml:16:5-74
78            android:name="unity.splash-enable"
78-->src/main/AndroidManifest.xml:16:16-50
79            android:value="True" />
79-->src/main/AndroidManifest.xml:16:51-71
80        <meta-data
80-->src/main/AndroidManifest.xml:17:5-81
81            android:name="notch.config"
81-->src/main/AndroidManifest.xml:17:16-43
82            android:value="portrait|landscape" />
82-->src/main/AndroidManifest.xml:17:44-78
83        <meta-data
83-->src/main/AndroidManifest.xml:18:5-101
84            android:name="unity.build-id"
84-->src/main/AndroidManifest.xml:18:16-45
85            android:value="b7c376ca-ff61-4e1c-9aa4-0673c6564000" />
85-->src/main/AndroidManifest.xml:18:46-98
86        <meta-data
86-->src/main/AndroidManifest.xml:19:5-97
87            android:name="com.samsung.android.vr.application.mode"
87-->src/main/AndroidManifest.xml:19:16-70
88            android:value="vr_only" />
88-->src/main/AndroidManifest.xml:19:71-94
89        <meta-data
89-->src/main/AndroidManifest.xml:20:5-91
90            android:name="com.unity.xr.oculus.LowOverheadMode"
90-->src/main/AndroidManifest.xml:20:16-66
91            android:value="false" />
91-->src/main/AndroidManifest.xml:20:67-88
92        <meta-data
92-->src/main/AndroidManifest.xml:21:5-90
93            android:name="com.oculus.supportedDevices"
93-->src/main/AndroidManifest.xml:21:16-58
94            android:value="quest|quest2" />
94-->src/main/AndroidManifest.xml:21:59-87
95        <meta-data
95-->src/main/AndroidManifest.xml:22:5-88
96            android:name="com.oculus.handtracking.frequency"
96-->src/main/AndroidManifest.xml:22:16-64
97            android:value="HIGH" />
97-->src/main/AndroidManifest.xml:22:65-85
98    </application>
99
100</manifest>